nohup: ignoring input
This is cutadapt 1.18 with Python 3.6.5
Command line parameters: -a AGATCGGAAGAGCACACGTCTGAACTCCAGTCAC -m 20 -o ribo3.trimmed.fastq.gz AM-ribo_S1_L003_R1_001.fastq.gz
Processing reads on 1 core in single-end mode ...
Finished in 1163.65 s (20 us/read; 2.99 M reads/minute).

=== Summary ===

Total reads processed:              58,053,933
Reads with adapters:                57,681,349 (99.4%)
Reads that were too short:              39,591 (0.1%)
Reads written (passing filters):    58,014,342 (99.9%)

Total basepairs processed: 3,493,740,120 bp
Total written (filtered):  2,263,374,631 bp (64.8%)

=== Adapter 1 ===

Sequence: AGATCGGAAGAGCACACGTCTGAACTCCAGTCAC; Type: regular 3'; Length: 34; Trimmed: 57681349 times.

No. of allowed errors:
0-9 bp: 0; 10-19 bp: 1; 20-29 bp: 2; 30-34 bp: 3

Bases preceding removed adapters:
  A: 69.9%
  C: 0.1%
  G: 0.2%
  T: 29.7%
  none/other: 0.0%

Overview of removed sequences
length	count	expect	max.err	error counts
3	32891	907092.7	0	32891
4	64034	226773.2	0	64034
5	29	56693.3	0	29
6	17808	14173.3	0	17808
7	33477	3543.3	0	33477
8	56139	885.8	0	56139
9	107087	221.5	0	106095 992
10	234780	55.4	1	230170 4610
11	549440	13.8	1	533947 15493
12	1220794	3.5	1	1192565 28229
13	18733	0.9	1	3014 15719
14	1831707	0.2	1	1803431 28276
15	25932	0.1	1	1983 23949
16	3005444	0.0	1	2962018 43426
17	20346	0.0	1	2167 18179
18	1618386	0.0	1	1530094 88288 4
19	15012452	0.0	1	14787593 219041 5818
20	63362	0.0	2	3138 58093 2131
21	14749	0.0	2	2938 4454 7357
22	118577	0.0	2	3088 91560 23929
23	20160904	0.0	2	19618729 506973 35202
24	8034143	0.0	2	7829665 177285 27193
25	44315	0.0	2	1252 37531 5532
26	1561262	0.0	2	1492853 59150 9259
27	1326981	0.0	2	1280370 34560 11489 562
28	22075	0.0	2	346 17554 3300 875
29	922017	0.0	2	878172 34776 8242 827
30	545390	0.0	3	507470 26226 8596 3098
31	526778	0.0	3	500175 18322 5703 2578
32	7189	0.0	3	307 5181 1036 665
33	262729	0.0	3	245372 13415 2721 1221
34	61476	0.0	3	55123 4144 1731 478
35	38194	0.0	3	35793 1542 516 343
36	1386	0.0	3	126 939 178 143
37	51997	0.0	3	49101 1714 639 543
38	549	0.0	3	24 350 88 87
39	12441	0.0	3	11605 539 181 116
40	9705	0.0	3	9011 468 132 94
41	6062	0.0	3	5665 280 64 53
42	5800	0.0	3	5466 260 39 35
43	2114	0.0	3	1945 127 19 23
44	1407	0.0	3	1326 57 14 10
45	179	0.0	3	129 25 9 16
46	359	0.0	3	329 22 5 3
47	100	0.0	3	44 43 10 3
48	2043	0.0	3	1893 125 17 8
49	24287	0.0	3	22938 1190 110 49
50	1112	0.0	3	988 97 21 6
51	337	0.0	3	292 31 8 6
52	448	0.0	3	399 32 9 8
53	126	0.0	3	107 8 0 11
54	14	0.0	3	3 5 4 2
55	190	0.0	3	144 44 2
56	371	0.0	3	338 16 1 16
57	29	0.0	3	11 3 6 9
58	284	0.0	3	0 8 107 169
59	244	0.0	3	63 25 61 95
60	115	0.0	3	0 2 20 93
61	30	0.0	3	0 2 7 21

