nohup: ignoring input
This is cutadapt 1.18 with Python 3.6.5
Command line parameters: -a AGATCGGAAGAGCACACGTCTGAACTCCAGTCAC -m 20 -o ribo4.trimmed.fastq.gz AM-ribo_S1_L004_R1_001.fastq.gz
Processing reads on 1 core in single-end mode ...
Finished in 1198.68 s (21 us/read; 2.88 M reads/minute).

=== Summary ===

Total reads processed:              57,555,913
Reads with adapters:                57,191,105 (99.4%)
Reads that were too short:              38,907 (0.1%)
Reads written (passing filters):    57,517,006 (99.9%)

Total basepairs processed: 3,463,785,841 bp
Total written (filtered):  2,244,144,816 bp (64.8%)

=== Adapter 1 ===

Sequence: AGATCGGAAGAGCACACGTCTGAACTCCAGTCAC; Type: regular 3'; Length: 34; Trimmed: 57191105 times.

No. of allowed errors:
0-9 bp: 0; 10-19 bp: 1; 20-29 bp: 2; 30-34 bp: 3

Bases preceding removed adapters:
  A: 69.9%
  C: 0.1%
  G: 0.2%
  T: 29.7%
  none/other: 0.0%

Overview of removed sequences
length	count	expect	max.err	error counts
3	33762	899311.1	0	33762
4	63067	224827.8	0	63067
5	23	56206.9	0	23
6	17871	14051.7	0	17871
7	33133	3512.9	0	33133
8	55898	878.2	0	55898
9	106995	219.6	0	105986 1009
10	233485	54.9	1	228855 4630
11	547339	13.7	1	531631 15708
12	1217914	3.4	1	1190958 26956
13	18334	0.9	1	3099 15235
14	1821634	0.2	1	1793474 28160
15	25536	0.1	1	2029 23507
16	2982056	0.0	1	2939704 42352
17	19627	0.0	1	2083 17544
18	1607627	0.0	1	1519543 88082 2
19	14879000	0.0	1	14656902 216505 5593
20	62245	0.0	2	2987 57238 2020
21	14959	0.0	2	3127 4578 7254
22	117706	0.0	2	2973 91322 23411
23	19983437	0.0	2	19447607 500912 34918
24	7965814	0.0	2	7764117 174858 26839
25	43313	0.0	2	1224 36772 5317
26	1544881	0.0	2	1478098 57703 9080
27	1313599	0.0	2	1268509 33874 10660 556
28	21519	0.0	2	317 17202 3214 786
29	913740	0.0	2	871061 33949 7846 884
30	540673	0.0	3	503894 25739 8279 2761
31	520535	0.0	3	494619 18012 5410 2494
32	7020	0.0	3	318 4999 1026 677
33	259889	0.0	3	242897 13077 2769 1146
34	60280	0.0	3	54122 3945 1759 454
35	37702	0.0	3	35393 1524 491 294
36	1277	0.0	3	108 865 169 135
37	51305	0.0	3	48449 1736 607 513
38	586	0.0	3	21 398 81 86
39	12446	0.0	3	11528 606 199 113
40	9728	0.0	3	9062 470 111 85
41	6246	0.0	3	5836 295 58 57
42	5710	0.0	3	5369 276 36 29
43	2065	0.0	3	1901 120 18 26
44	1444	0.0	3	1362 54 18 10
45	158	0.0	3	114 27 3 14
46	369	0.0	3	341 23 5
47	74	0.0	3	34 31 7 2
48	1957	0.0	3	1829 106 12 10
49	23805	0.0	3	22443 1235 93 34
50	1112	0.0	3	983 105 13 11
51	314	0.0	3	256 39 7 12
52	449	0.0	3	420 21 5 3
53	150	0.0	3	118 9 3 20
54	16	0.0	3	1 9 3 3
55	207	0.0	3	172 31 2 2
56	355	0.0	3	314 19 1 21
57	22	0.0	3	4 3 3 12
58	282	0.0	3	0 9 111 162
59	265	0.0	3	84 34 65 82
60	140	0.0	3	0 0 44 96
61	10	0.0	3	0 0 2 8

