nohup: ignoring input
This is cutadapt 1.18 with Python 3.6.5
Command line parameters: -a AGATCGGAAGAGCACACGTCTGAACTCCAGTCAC -m 20 -o rna2.trimmed.fastq.gz AM-RNA_S2_L002_R1_001.fastq.gz
Processing reads on 1 core in single-end mode ...
Finished in 675.77 s (23 us/read; 2.56 M reads/minute).

=== Summary ===

Total reads processed:              28,823,102
Reads with adapters:                28,633,483 (99.3%)
Reads that were too short:               8,379 (0.0%)
Reads written (passing filters):    28,814,723 (100.0%)

Total basepairs processed: 1,733,835,443 bp
Total written (filtered):  1,166,966,483 bp (67.3%)

=== Adapter 1 ===

Sequence: AGATCGGAAGAGCACACGTCTGAACTCCAGTCAC; Type: regular 3'; Length: 34; Trimmed: 28633483 times.

No. of allowed errors:
0-9 bp: 0; 10-19 bp: 1; 20-29 bp: 2; 30-34 bp: 3

Bases preceding removed adapters:
  A: 72.8%
  C: 0.2%
  G: 0.3%
  T: 26.7%
  none/other: 0.0%

Overview of removed sequences
length	count	expect	max.err	error counts
3	5204	450361.0	0	5204
4	26278	112590.2	0	26278
5	42	28147.6	0	42
6	42953	7036.9	0	42953
7	112220	1759.2	0	112220
8	215072	439.8	0	215072
9	335134	110.0	0	332390 2744
10	467886	27.5	1	459943 7943
11	599636	6.9	1	583647 15989
12	1499202	1.7	1	1482335 16867
13	14868	0.4	1	1256 13612
14	1864085	0.1	1	1839564 24521
15	18627	0.0	1	1398 17229
16	2340754	0.0	1	2307573 33181
17	14683	0.0	1	1772 12911
18	1440791	0.0	1	1375146 65644 1
19	7388267	0.0	1	7272116 113547 2604
20	19815	0.0	2	1154 15812 2849
21	7278	0.0	2	692 2778 3808
22	26273	0.0	2	566 20801 4906
23	2343347	0.0	2	2245310 89833 8204
24	7017212	0.0	2	6865982 130534 20696
25	39779	0.0	2	2010 33821 3948
26	1501158	0.0	2	1443840 49129 8189
27	605647	0.0	2	580654 17500 7274 219
28	8219	0.0	2	147 6463 1359 250
29	260573	0.0	2	246049 10727 3339 458
30	145168	0.0	3	133865 7411 2641 1251
31	130958	0.0	3	122603 5153 2181 1021
32	2443	0.0	3	7 1614 437 385
33	90076	0.0	3	84522 3533 1371 650
34	590	0.0	3	1 344 117 128
35	423	0.0	3	14 203 122 84
36	14641	0.0	3	13286 804 356 195
37	10652	0.0	3	9655 595 249 153
38	6820	0.0	3	6143 369 193 115
39	4317	0.0	3	3957 204 96 60
40	3996	0.0	3	3769 131 64 32
41	1160	0.0	3	1088 53 11 8
42	24	0.0	3	2 17 2 3
43	421	0.0	3	397 14 1 9
44	357	0.0	3	339 9 6 3
45	51	0.0	3	39 7 2 3
46	64	0.0	3	58 3 3
47	12	0.0	3	3 4 2 3
48	449	0.0	3	428 17 1 3
49	5205	0.0	3	4956 223 21 5
50	276	0.0	3	253 19 4
51	82	0.0	3	69 6 0 7
52	91	0.0	3	84 6 1
53	27	0.0	3	21 2 0 4
54	3	0.0	3	0 0 0 3
55	40	0.0	3	38 1 1
56	43	0.0	3	35 4 0 4
57	2	0.0	3	0 0 1 1
58	38	0.0	3	0 2 8 28
59	33	0.0	3	5 4 9 15
60	18	0.0	3	0 0 4 14

