nohup: ignoring input
This is cutadapt 1.18 with Python 3.6.5
Command line parameters: -a AGATCGGAAGAGCACACGTCTGAACTCCAGTCAC -m 20 -o rna1.trimmed.fastq.gz AM-RNA_S2_L001_R1_001.fastq.gz
Processing reads on 1 core in single-end mode ...
Finished in 668.58 s (23 us/read; 2.62 M reads/minute).

=== Summary ===

Total reads processed:              29,215,293
Reads with adapters:                29,031,916 (99.4%)
Reads that were too short:               8,551 (0.0%)
Reads written (passing filters):    29,206,742 (100.0%)

Total basepairs processed: 1,757,404,037 bp
Total written (filtered):  1,182,447,665 bp (67.3%)

=== Adapter 1 ===

Sequence: AGATCGGAAGAGCACACGTCTGAACTCCAGTCAC; Type: regular 3'; Length: 34; Trimmed: 29031916 times.

No. of allowed errors:
0-9 bp: 0; 10-19 bp: 1; 20-29 bp: 2; 30-34 bp: 3

Bases preceding removed adapters:
  A: 72.8%
  C: 0.2%
  G: 0.3%
  T: 26.7%
  none/other: 0.0%

Overview of removed sequences
length	count	expect	max.err	error counts
3	4961	456489.0	0	4961
4	26172	114122.2	0	26172
5	44	28530.6	0	44
6	43421	7132.6	0	43421
7	113351	1783.2	0	113351
8	218112	445.8	0	218112
9	338351	111.4	0	335525 2826
10	473241	27.9	1	465147 8094
11	606062	7.0	1	590093 15969
12	1517817	1.7	1	1501848 15969
13	15008	0.4	1	1290 13718
14	1887998	0.1	1	1863893 24105
15	18757	0.0	1	1373 17384
16	2370302	0.0	1	2337816 32486
17	15308	0.0	1	2005 13303
18	1456096	0.0	1	1390899 65193 4
19	7494511	0.0	1	7380313 111618 2580
20	19673	0.0	2	1145 15733 2795
21	7023	0.0	2	592 2659 3772
22	26317	0.0	2	507 20942 4868
23	2377047	0.0	2	2279280 89850 7917
24	7122606	0.0	2	6975721 127543 19342
25	40473	0.0	2	2154 34320 3999
26	1524752	0.0	2	1467482 49480 7790
27	614709	0.0	2	589625 17404 7433 247
28	8233	0.0	2	140 6472 1309 312
29	264827	0.0	2	250325 10696 3365 441
30	148302	0.0	3	136892 7473 2701 1236
31	133469	0.0	3	124899 5363 2170 1037
32	2488	0.0	3	7 1599 494 388
33	92193	0.0	3	86578 3562 1421 632
34	605	0.0	3	2 376 120 107
35	384	0.0	3	6 178 112 88
36	14784	0.0	3	13503 792 321 168
37	10733	0.0	3	9760 566 250 157
38	6861	0.0	3	6225 329 192 115
39	4196	0.0	3	3837 216 86 57
40	4157	0.0	3	3920 141 63 33
41	1175	0.0	3	1105 43 8 19
42	26	0.0	3	3 13 5 5
43	449	0.0	3	417 23 6 3
44	376	0.0	3	357 11 5 3
45	50	0.0	3	39 8 1 2
46	71	0.0	3	66 2 0 3
47	14	0.0	3	6 6 1 1
48	447	0.0	3	417 23 5 2
49	5279	0.0	3	4991 264 18 6
50	294	0.0	3	262 26 1 5
51	62	0.0	3	54 6 1 1
52	99	0.0	3	85 11 1 2
53	29	0.0	3	20 5 0 4
54	3	0.0	3	1 0 1 1
55	36	0.0	3	32 4
56	45	0.0	3	39 2 1 3
57	4	0.0	3	0 1 1 2
58	36	0.0	3	0 1 9 26
59	56	0.0	3	15 5 22 14
60	20	0.0	3	0 0 6 14
61	1	0.0	3	0 0 0 1

