nohup: ignoring input
This is cutadapt 1.18 with Python 3.6.5
Command line parameters: -m 15 -a file:../barcodes.fasta -o {name}.rna4.fastq.gz rna4.trimmed.fastq.gz
Processing reads on 1 core in single-end mode ...
Finished in 629.28 s (22 us/read; 2.78 M reads/minute).

=== Summary ===

Total reads processed:              29,119,529
Reads with adapters:                28,250,830 (97.0%)
Reads that were too short:                   0 (0.0%)
Reads written (passing filters):    29,119,529 (100.0%)

Total basepairs processed: 1,178,616,867 bp
Total written (filtered):  1,037,362,717 bp (88.0%)

=== Adapter WTrep1 ===

Sequence: ATCGT; Type: anchored 3'; Length: 5; Trimmed: 7562607 times.

No. of allowed errors:
0-5 bp: 0

Bases preceding removed adapters:
  A: 23.5%
  C: 21.4%
  G: 26.0%
  T: 29.2%
  none/other: 0.0%

Overview of removed sequences
length	count	expect	max.err	error counts
5	7562607	28437.0	0	7562607

=== Adapter WTrep2 ===

Sequence: AGCTA; Type: anchored 3'; Length: 5; Trimmed: 7290522 times.

No. of allowed errors:
0-5 bp: 0

Bases preceding removed adapters:
  A: 21.5%
  C: 24.4%
  G: 25.9%
  T: 28.1%
  none/other: 0.0%

Overview of removed sequences
length	count	expect	max.err	error counts
5	7290522	28437.0	0	7290522

=== Adapter RIBOTrep1 ===

Sequence: CGTAA; Type: anchored 3'; Length: 5; Trimmed: 7896997 times.

No. of allowed errors:
0-5 bp: 0

Bases preceding removed adapters:
  A: 23.0%
  C: 20.3%
  G: 24.4%
  T: 32.3%
  none/other: 0.0%

Overview of removed sequences
length	count	expect	max.err	error counts
5	7896997	28437.0	0	7896997

=== Adapter RIBOTrep2 ===

Sequence: CTAGA; Type: anchored 3'; Length: 5; Trimmed: 5500704 times.

No. of allowed errors:
0-5 bp: 0

Bases preceding removed adapters:
  A: 23.5%
  C: 20.0%
  G: 23.3%
  T: 33.2%
  none/other: 0.0%

Overview of removed sequences
length	count	expect	max.err	error counts
5	5500704	28437.0	0	5500704

