nohup: ignoring input
This is cutadapt 1.18 with Python 3.6.5
Command line parameters: -a AGATCGGAAGAGCACACGTCTGAACTCCAGTCAC -m 20 -o rna4.trimmed.fastq.gz AM-RNA_S2_L004_R1_001.fastq.gz
Processing reads on 1 core in single-end mode ...
Finished in 655.45 s (23 us/read; 2.67 M reads/minute).

=== Summary ===

Total reads processed:              29,128,092
Reads with adapters:                28,961,438 (99.4%)
Reads that were too short:               8,563 (0.0%)
Reads written (passing filters):    29,119,529 (100.0%)

Total basepairs processed: 1,752,146,463 bp
Total written (filtered):  1,178,616,867 bp (67.3%)

=== Adapter 1 ===

Sequence: AGATCGGAAGAGCACACGTCTGAACTCCAGTCAC; Type: regular 3'; Length: 34; Trimmed: 28961438 times.

No. of allowed errors:
0-9 bp: 0; 10-19 bp: 1; 20-29 bp: 2; 30-34 bp: 3

Bases preceding removed adapters:
  A: 72.8%
  C: 0.2%
  G: 0.3%
  T: 26.7%
  none/other: 0.0%

Overview of removed sequences
length	count	expect	max.err	error counts
3	4460	455126.4	0	4460
4	26243	113781.6	0	26243
5	30	28445.4	0	30
6	43094	7111.4	0	43094
7	112420	1777.8	0	112420
8	217527	444.5	0	217527
9	337762	111.1	0	335019 2743
10	472508	27.8	1	464815 7693
11	603046	6.9	1	587468 15578
12	1513017	1.7	1	1497389 15628
13	14747	0.4	1	1054 13693
14	1886343	0.1	1	1863812 22531
15	18274	0.0	1	1254 17020
16	2368856	0.0	1	2338117 30739
17	14134	0.0	1	1468 12666
18	1454062	0.0	1	1389401 64657 4
19	7478942	0.0	1	7369973 106843 2126
20	18958	0.0	2	1151 15473 2334
21	6442	0.0	2	535 2602 3305
22	25623	0.0	2	397 20481 4745
23	2369072	0.0	2	2273131 88446 7495
24	7106832	0.0	2	6966658 122106 18068
25	39862	0.0	2	2086 34136 3640
26	1519376	0.0	2	1464812 47329 7235
27	613524	0.0	2	590002 16567 6730 225
28	8231	0.0	2	133 6561 1284 253
29	263348	0.0	2	249321 10280 3300 447
30	147565	0.0	3	136587 7222 2575 1181
31	133091	0.0	3	124699 5259 2157 976
32	2473	0.0	3	2 1647 442 382
33	91626	0.0	3	86100 3539 1357 630
34	582	0.0	3	0 351 125 106
35	430	0.0	3	10 226 103 91
36	14688	0.0	3	13457 722 320 189
37	10727	0.0	3	9773 571 228 155
38	6725	0.0	3	6103 357 156 109
39	4216	0.0	3	3844 192 98 82
40	4003	0.0	3	3787 133 54 29
41	1147	0.0	3	1067 59 10 11
42	17	0.0	3	2 8 3 4
43	406	0.0	3	372 26 4 4
44	358	0.0	3	334 12 7 5
45	47	0.0	3	36 2 1 8
46	87	0.0	3	83 3 1
47	5	0.0	3	1 2 1 1
48	418	0.0	3	391 19 5 3
49	5376	0.0	3	5107 252 10 7
50	317	0.0	3	283 30 1 3
51	62	0.0	3	57 2 1 2
52	107	0.0	3	100 4 2 1
53	32	0.0	3	22 5 1 4
54	2	0.0	3	0 1 1
55	41	0.0	3	36 5
56	59	0.0	3	49 5 1 4
57	2	0.0	3	0 0 0 2
58	28	0.0	3	0 1 8 19
59	47	0.0	3	14 8 12 13
60	19	0.0	3	0 0 8 11
61	2	0.0	3	0 0 0 2

