nohup: ignoring input
This is cutadapt 1.18 with Python 3.6.5
Command line parameters: -g XACACTCTTTCCCTACACGACGCTCTTCCGATCT -m 10 -o RIBOTrep2.rna.clippedV2.fastq.gz RIBOTrep2.rna.clipped.fastq.gz
Processing reads on 1 core in single-end mode ...
Finished in 254.20 s (12 us/read; 5.19 M reads/minute).

=== Summary ===

Total reads processed:              21,985,102
Reads with adapters:                   677,551 (3.1%)
Reads that were too short:                 502 (0.0%)
Reads written (passing filters):    21,984,600 (100.0%)

Total basepairs processed:   667,388,171 bp
Total written (filtered):    665,210,933 bp (99.7%)

=== Adapter 1 ===

Sequence: ACACTCTTTCCCTACACGACGCTCTTCCGATCT; Type: non-internal 5'; Length: 33; Trimmed: 677551 times.

No. of allowed errors:
0-9 bp: 0; 10-19 bp: 1; 20-29 bp: 2; 30-33 bp: 3

Overview of removed sequences
length	count	expect	max.err	error counts
3	557228	343517.2	0	557228
4	116875	85879.3	0	116875
5	835	21469.8	0	835
6	18	5367.5	0	18
7	196	1341.9	0	196
8	86	335.5	0	86
9	343	83.9	0	83 260
10	1082	21.0	1	18 1064
11	199	5.2	1	3 196
12	96	1.3	1	7 89
13	33	0.3	1	4 29
14	24	0.1	1	0 24
15	28	0.0	1	7 21
16	18	0.0	1	0 18
17	19	0.0	1	0 19
18	18	0.0	1	3 15
19	27	0.0	1	0 26 1
20	86	0.0	2	7 54 25
21	73	0.0	2	2 56 15
22	41	0.0	2	3 28 10
23	40	0.0	2	7 18 15
24	64	0.0	2	8 24 32
25	61	0.0	2	3 46 12
26	32	0.0	2	2 14 16
27	13	0.0	2	0 8 5
28	7	0.0	2	0 5 1 1
29	5	0.0	2	3 1 1
30	1	0.0	3	0 0 1
31	3	0.0	3	0 0 3

