nohup: ignoring input
This is cutadapt 1.18 with Python 3.6.5
Command line parameters: -g XACACTCTTTCCCTACACGACGCTCTTCCGATCT -m 10 -o RIBOTrep1.ribo.clippedV2.fastq.gz RIBOTrep1.ribo.clipped.fastq.gz
Processing reads on 1 core in single-end mode ...
Finished in 536.66 s (11 us/read; 5.58 M reads/minute).

=== Summary ===

Total reads processed:              49,933,355
Reads with adapters:                 2,001,909 (4.0%)
Reads that were too short:               9,544 (0.0%)
Reads written (passing filters):    49,923,811 (100.0%)

Total basepairs processed: 1,446,421,020 bp
Total written (filtered):  1,440,143,606 bp (99.6%)

=== Adapter 1 ===

Sequence: ACACTCTTTCCCTACACGACGCTCTTCCGATCT; Type: non-internal 5'; Length: 33; Trimmed: 2001909 times.

No. of allowed errors:
0-9 bp: 0; 10-19 bp: 1; 20-29 bp: 2; 30-33 bp: 3

Overview of removed sequences
length	count	expect	max.err	error counts
3	1943398	780208.7	0	1943398
4	45352	195052.2	0	45352
5	994	48763.0	0	994
6	25	12190.8	0	25
7	138	3047.7	0	138
8	89	761.9	0	89
9	626	190.5	0	29 597
10	1220	47.6	1	44 1176
11	679	11.9	1	45 634
12	513	3.0	1	30 483
13	127	0.7	1	12 115
14	106	0.2	1	0 106
15	163	0.0	1	21 142
16	188	0.0	1	5 183
17	191	0.0	1	2 189
18	310	0.0	1	47 262 1
19	502	0.0	1	5 489 8
20	709	0.0	2	71 446 192
21	1311	0.0	2	9 876 426
22	714	0.0	2	106 474 134
23	653	0.0	2	89 327 237
24	1223	0.0	2	167 573 483
25	1234	0.0	2	134 796 304
26	619	0.0	2	79 293 247
27	354	0.0	2	42 187 123 2
28	239	0.0	2	5 182 51 1
29	97	0.0	2	12 42 38 5
30	79	0.0	3	0 45 25 9
31	34	0.0	3	0 12 14 8
32	22	0.0	3	0 8 6 8

