nohup: ignoring input
This is cutadapt 1.18 with Python 3.6.5
Command line parameters: -m 15 -a file:../barcodes.fasta -o {name}.rna1.fastq.gz rna1.trimmed.fastq.gz
Processing reads on 1 core in single-end mode ...
Finished in 620.16 s (21 us/read; 2.83 M reads/minute).

=== Summary ===

Total reads processed:              29,206,742
Reads with adapters:                28,309,534 (96.9%)
Reads that were too short:                   0 (0.0%)
Reads written (passing filters):    29,206,742 (100.0%)

Total basepairs processed: 1,182,447,665 bp
Total written (filtered):  1,040,899,995 bp (88.0%)

=== Adapter WTrep1 ===

Sequence: ATCGT; Type: anchored 3'; Length: 5; Trimmed: 7584026 times.

No. of allowed errors:
0-5 bp: 0

Bases preceding removed adapters:
  A: 23.5%
  C: 21.4%
  G: 26.0%
  T: 29.1%
  none/other: 0.0%

Overview of removed sequences
length	count	expect	max.err	error counts
5	7584026	28522.2	0	7584026

=== Adapter WTrep2 ===

Sequence: AGCTA; Type: anchored 3'; Length: 5; Trimmed: 7304233 times.

No. of allowed errors:
0-5 bp: 0

Bases preceding removed adapters:
  A: 21.5%
  C: 24.5%
  G: 25.9%
  T: 28.1%
  none/other: 0.0%

Overview of removed sequences
length	count	expect	max.err	error counts
5	7304233	28522.2	0	7304233

=== Adapter RIBOTrep1 ===

Sequence: CGTAA; Type: anchored 3'; Length: 5; Trimmed: 7915021 times.

No. of allowed errors:
0-5 bp: 0

Bases preceding removed adapters:
  A: 23.0%
  C: 20.4%
  G: 24.4%
  T: 32.3%
  none/other: 0.0%

Overview of removed sequences
length	count	expect	max.err	error counts
5	7915021	28522.2	0	7915021

=== Adapter RIBOTrep2 ===

Sequence: CTAGA; Type: anchored 3'; Length: 5; Trimmed: 5506254 times.

No. of allowed errors:
0-5 bp: 0

Bases preceding removed adapters:
  A: 23.5%
  C: 20.0%
  G: 23.3%
  T: 33.2%
  none/other: 0.0%

Overview of removed sequences
length	count	expect	max.err	error counts
5	5506254	28522.2	0	5506254

