nohup: ignoring input
This is cutadapt 1.18 with Python 3.6.5
Command line parameters: -a AGATCGGAAGAGCACACGTCTGAACTCCAGTCAC -m 20 -o ribo1.trimmed.fastq.gz AM-ribo_S1_L001_R1_001.fastq.gz
Processing reads on 1 core in single-end mode ...
Finished in 1225.09 s (21 us/read; 2.84 M reads/minute).

=== Summary ===

Total reads processed:              57,886,094
Reads with adapters:                57,449,849 (99.2%)
Reads that were too short:              38,431 (0.1%)
Reads written (passing filters):    57,847,663 (99.9%)

Total basepairs processed: 3,483,845,405 bp
Total written (filtered):  2,258,352,070 bp (64.8%)

=== Adapter 1 ===

Sequence: AGATCGGAAGAGCACACGTCTGAACTCCAGTCAC; Type: regular 3'; Length: 34; Trimmed: 57449849 times.

No. of allowed errors:
0-9 bp: 0; 10-19 bp: 1; 20-29 bp: 2; 30-34 bp: 3

Bases preceding removed adapters:
  A: 69.9%
  C: 0.1%
  G: 0.2%
  T: 29.7%
  none/other: 0.0%

Overview of removed sequences
length	count	expect	max.err	error counts
3	40240	904470.2	0	40240
4	63648	226117.6	0	63648
5	38	56529.4	0	38
6	17756	14132.3	0	17756
7	32869	3533.1	0	32869
8	55898	883.3	0	55898
9	106315	220.8	0	105330 985
10	233134	55.2	1	228431 4703
11	547319	13.8	1	531514 15805
12	1213152	3.5	1	1184026 29126
13	19328	0.9	1	3589 15739
14	1818105	0.2	1	1788850 29255
15	25952	0.1	1	2143 23809
16	2980370	0.0	1	2935623 44747
17	20677	0.0	1	2829 17848
18	1605272	0.0	1	1516787 88479 6
19	14891464	0.0	1	14661787 223072 6605
20	63064	0.0	2	3215 57513 2336
21	16762	0.0	2	3743 4973 8046
22	120037	0.0	2	3558 91722 24757
23	20216473	0.0	2	19665046 512562 38865
24	7976045	0.0	2	7766409 180740 28896
25	44429	0.0	2	1282 37344 5803
26	1548258	0.0	2	1479314 59269 9675
27	1312982	0.0	2	1266752 34169 11452 609
28	21719	0.0	2	355 17184 3245 935
29	912642	0.0	2	868610 34745 8339 948
30	540488	0.0	3	503018 26077 8355 3038
31	521426	0.0	3	494741 18412 5638 2635
32	6967	0.0	3	276 4982 1043 666
33	258800	0.0	3	241720 13211 2767 1102
34	60359	0.0	3	54102 4080 1711 466
35	38000	0.0	3	35631 1546 487 336
36	1361	0.0	3	127 904 180 150
37	51604	0.0	3	48774 1732 591 507
38	555	0.0	3	23 351 92 89
39	12227	0.0	3	11370 549 182 126
40	9527	0.0	3	8874 455 108 90
41	6165	0.0	3	5749 307 63 46
42	5643	0.0	3	5287 275 45 36
43	2046	0.0	3	1899 107 17 23
44	1382	0.0	3	1308 46 9 19
45	133	0.0	3	89 24 9 11
46	347	0.0	3	318 12 9 8
47	97	0.0	3	51 35 8 3
48	1926	0.0	3	1797 100 18 11
49	23503	0.0	3	22080 1240 114 69
50	1080	0.0	3	952 112 13 3
51	324	0.0	3	271 32 14 7
52	423	0.0	3	382 26 7 8
53	125	0.0	3	102 6 2 15
54	14	0.0	3	3 6 4 1
55	194	0.0	3	156 36 1 1
56	372	0.0	3	336 14 5 17
57	22	0.0	3	10 3 1 8
58	317	0.0	3	1 13 115 188
59	303	0.0	3	75 32 77 119
60	143	0.0	3	0 2 37 104
61	28	0.0	3	0 0 9 19

