nohup: ignoring input
This is cutadapt 1.18 with Python 3.6.5
Command line parameters: -m 15 -a file:../barcodes.fasta -o {name}.ribo2.fastq.gz ribo2.trimmed.fastq.gz
Processing reads on 1 core in single-end mode ...
Finished in 1186.35 s (21 us/read; 2.90 M reads/minute).

=== Summary ===

Total reads processed:              57,374,599
Reads with adapters:                55,512,375 (96.8%)
Reads that were too short:                   0 (0.0%)
Reads written (passing filters):    57,374,599 (100.0%)

Total basepairs processed: 2,240,770,054 bp
Total written (filtered):  1,963,208,179 bp (87.6%)

=== Adapter WTrep1 ===

Sequence: ATCGT; Type: anchored 3'; Length: 5; Trimmed: 16562075 times.

No. of allowed errors:
0-5 bp: 0

Bases preceding removed adapters:
  A: 22.7%
  C: 21.4%
  G: 28.2%
  T: 27.7%
  none/other: 0.0%

Overview of removed sequences
length	count	expect	max.err	error counts
5	16562075	56029.9	0	16562075

=== Adapter WTrep2 ===

Sequence: AGCTA; Type: anchored 3'; Length: 5; Trimmed: 14688522 times.

No. of allowed errors:
0-5 bp: 0

Bases preceding removed adapters:
  A: 22.5%
  C: 25.4%
  G: 24.4%
  T: 27.7%
  none/other: 0.0%

Overview of removed sequences
length	count	expect	max.err	error counts
5	14688522	56029.9	0	14688522

=== Adapter RIBOTrep1 ===

Sequence: CGTAA; Type: anchored 3'; Length: 5; Trimmed: 12390348 times.

No. of allowed errors:
0-5 bp: 0

Bases preceding removed adapters:
  A: 18.1%
  C: 23.2%
  G: 20.9%
  T: 37.8%
  none/other: 0.0%

Overview of removed sequences
length	count	expect	max.err	error counts
5	12390348	56029.9	0	12390348

=== Adapter RIBOTrep2 ===

Sequence: CTAGA; Type: anchored 3'; Length: 5; Trimmed: 11871430 times.

No. of allowed errors:
0-5 bp: 0

Bases preceding removed adapters:
  A: 20.9%
  C: 20.5%
  G: 24.4%
  T: 34.2%
  none/other: 0.0%

Overview of removed sequences
length	count	expect	max.err	error counts
5	11871430	56029.9	0	11871430

