nohup: ignoring input
This is cutadapt 1.18 with Python 3.6.5
Command line parameters: -m 15 -a file:../barcodes.fasta -o {name}.ribo1.fastq.gz ribo1.trimmed.fastq.gz
Processing reads on 1 core in single-end mode ...
Finished in 1177.89 s (20 us/read; 2.95 M reads/minute).

=== Summary ===

Total reads processed:              57,847,663
Reads with adapters:                56,026,099 (96.9%)
Reads that were too short:                   0 (0.0%)
Reads written (passing filters):    57,847,663 (100.0%)

Total basepairs processed: 2,258,352,070 bp
Total written (filtered):  1,978,221,575 bp (87.6%)

=== Adapter WTrep1 ===

Sequence: ATCGT; Type: anchored 3'; Length: 5; Trimmed: 16704549 times.

No. of allowed errors:
0-5 bp: 0

Bases preceding removed adapters:
  A: 22.7%
  C: 21.4%
  G: 28.1%
  T: 27.7%
  none/other: 0.0%

Overview of removed sequences
length	count	expect	max.err	error counts
5	16704549	56491.9	0	16704549

=== Adapter WTrep2 ===

Sequence: AGCTA; Type: anchored 3'; Length: 5; Trimmed: 14832104 times.

No. of allowed errors:
0-5 bp: 0

Bases preceding removed adapters:
  A: 22.4%
  C: 25.4%
  G: 24.4%
  T: 27.7%
  none/other: 0.0%

Overview of removed sequences
length	count	expect	max.err	error counts
5	14832104	56491.9	0	14832104

=== Adapter RIBOTrep1 ===

Sequence: CGTAA; Type: anchored 3'; Length: 5; Trimmed: 12513714 times.

No. of allowed errors:
0-5 bp: 0

Bases preceding removed adapters:
  A: 18.0%
  C: 23.2%
  G: 20.9%
  T: 37.8%
  none/other: 0.0%

Overview of removed sequences
length	count	expect	max.err	error counts
5	12513714	56491.9	0	12513714

=== Adapter RIBOTrep2 ===

Sequence: CTAGA; Type: anchored 3'; Length: 5; Trimmed: 11975732 times.

No. of allowed errors:
0-5 bp: 0

Bases preceding removed adapters:
  A: 20.9%
  C: 20.5%
  G: 24.4%
  T: 34.2%
  none/other: 0.0%

Overview of removed sequences
length	count	expect	max.err	error counts
5	11975732	56491.9	0	11975732

