nohup: ignoring input
This is cutadapt 1.18 with Python 3.6.5
Command line parameters: -a AGATCGGAAGAGCACACGTCTGAACTCCAGTCAC -m 20 -o ribo2.trimmed.fastq.gz AM-ribo_S1_L002_R1_001.fastq.gz
Processing reads on 1 core in single-end mode ...
Finished in 1190.94 s (21 us/read; 2.89 M reads/minute).

=== Summary ===

Total reads processed:              57,412,528
Reads with adapters:                56,954,408 (99.2%)
Reads that were too short:              37,929 (0.1%)
Reads written (passing filters):    57,374,599 (99.9%)

Total basepairs processed: 3,455,369,249 bp
Total written (filtered):  2,240,770,054 bp (64.8%)

=== Adapter 1 ===

Sequence: AGATCGGAAGAGCACACGTCTGAACTCCAGTCAC; Type: regular 3'; Length: 34; Trimmed: 56954408 times.

No. of allowed errors:
0-9 bp: 0; 10-19 bp: 1; 20-29 bp: 2; 30-34 bp: 3

Bases preceding removed adapters:
  A: 69.9%
  C: 0.1%
  G: 0.2%
  T: 29.7%
  none/other: 0.0%

Overview of removed sequences
length	count	expect	max.err	error counts
3	43582	897070.8	0	43582
4	63427	224267.7	0	63427
5	43	56066.9	0	43
6	17660	14016.7	0	17660
7	33045	3504.2	0	33045
8	55730	876.0	0	55730
9	105519	219.0	0	104533 986
10	233566	54.8	1	228785 4781
11	542429	13.7	1	526309 16120
12	1210360	3.4	1	1183705 26655
13	18644	0.9	1	3431 15213
14	1805598	0.2	1	1775227 30371
15	25745	0.1	1	2283 23462
16	2957058	0.0	1	2910780 46278
17	20414	0.0	1	2630 17784
18	1590885	0.0	1	1501933 88947 5
19	14759027	0.0	1	14520948 231048 7031
20	63404	0.0	2	3063 57719 2622
21	18412	0.0	2	4433 5469 8510
22	123187	0.0	2	4127 93727 25333
23	20043474	0.0	2	19478158 522112 43204
24	7896250	0.0	2	7678778 186257 31215
25	44222	0.0	2	1186 37329 5707
26	1529651	0.0	2	1459402 60244 10005
27	1299560	0.0	2	1251311 35699 12029 521
28	21709	0.0	2	354 17140 3339 876
29	904242	0.0	2	859703 35134 8495 910
30	534299	0.0	3	496155 26393 8605 3146
31	515421	0.0	3	488334 18947 5576 2564
32	6988	0.0	3	339 4924 1057 668
33	254981	0.0	3	237822 13137 2819 1203
34	60162	0.0	3	53715 4256 1749 442
35	37403	0.0	3	34975 1584 501 343
36	1345	0.0	3	150 883 162 150
37	50572	0.0	3	47669 1843 579 481
38	556	0.0	3	28 342 93 93
39	12171	0.0	3	11312 591 166 102
40	9635	0.0	3	8969 485 108 73
41	6110	0.0	3	5698 295 63 54
42	5500	0.0	3	5156 267 50 27
43	1927	0.0	3	1772 118 20 17
44	1394	0.0	3	1304 62 13 15
45	124	0.0	3	94 16 2 12
46	325	0.0	3	301 14 7 3
47	83	0.0	3	26 39 14 4
48	1955	0.0	3	1840 93 15 7
49	23307	0.0	3	21880 1262 119 46
50	1106	0.0	3	979 106 15 6
51	335	0.0	3	271 48 11 5
52	423	0.0	3	387 23 6 7
53	119	0.0	3	100 10 0 9
54	16	0.0	3	1 10 4 1
55	187	0.0	3	148 33 4 2
56	392	0.0	3	356 13 4 19
57	26	0.0	3	4 3 6 13
58	280	0.0	3	1 8 113 158
59	279	0.0	3	76 33 72 98
60	136	0.0	3	0 0 37 99
61	8	0.0	3	0 0 3 5

