nohup: ignoring input
This is cutadapt 1.18 with Python 3.6.5
Command line parameters: -a AGATCGGAAGAGCACACGTCTGAACTCCAGTCAC -m 20 -o rna3.trimmed.fastq.gz AM-RNA_S2_L003_R1_001.fastq.gz
Processing reads on 1 core in single-end mode ...
Finished in 666.76 s (23 us/read; 2.64 M reads/minute).

=== Summary ===

Total reads processed:              29,361,857
Reads with adapters:                29,188,574 (99.4%)
Reads that were too short:               8,564 (0.0%)
Reads written (passing filters):    29,353,293 (100.0%)

Total basepairs processed: 1,766,206,854 bp
Total written (filtered):  1,188,107,490 bp (67.3%)

=== Adapter 1 ===

Sequence: AGATCGGAAGAGCACACGTCTGAACTCCAGTCAC; Type: regular 3'; Length: 34; Trimmed: 29188574 times.

No. of allowed errors:
0-9 bp: 0; 10-19 bp: 1; 20-29 bp: 2; 30-34 bp: 3

Bases preceding removed adapters:
  A: 72.8%
  C: 0.2%
  G: 0.3%
  T: 26.7%
  none/other: 0.0%

Overview of removed sequences
length	count	expect	max.err	error counts
3	4463	458779.0	0	4463
4	26668	114694.8	0	26668
5	34	28673.7	0	34
6	43375	7168.4	0	43375
7	113198	1792.1	0	113198
8	219773	448.0	0	219773
9	339761	112.0	0	336924 2837
10	474663	28.0	1	466752 7911
11	609573	7.0	1	593667 15906
12	1522798	1.8	1	1506853 15945
13	14797	0.4	1	1050 13747
14	1897113	0.1	1	1874005 23108
15	18322	0.0	1	1238 17084
16	2387511	0.0	1	2355825 31686
17	14596	0.0	1	1662 12934
18	1464684	0.0	1	1398837 65846 1
19	7537173	0.0	1	7425696 109262 2215
20	19381	0.0	2	1091 15756 2534
21	6522	0.0	2	460 2623 3439
22	26270	0.0	2	433 20882 4955
23	2390868	0.0	2	2293605 89605 7658
24	7162840	0.0	2	7018547 125725 18568
25	40611	0.0	2	2113 34587 3911
26	1532375	0.0	2	1476022 48947 7406
27	618308	0.0	2	594244 16799 7046 219
28	8390	0.0	2	125 6640 1336 289
29	266066	0.0	2	251661 10666 3284 455
30	148974	0.0	3	137830 7317 2551 1276
31	133704	0.0	3	125437 5125 2129 1013
32	2514	0.0	3	6 1614 479 415
33	93054	0.0	3	87623 3527 1271 633
34	571	0.0	3	3 322 133 113
35	429	0.0	3	10 200 117 102
36	14708	0.0	3	13442 754 341 171
37	10768	0.0	3	9766 607 243 152
38	6869	0.0	3	6264 347 150 108
39	4277	0.0	3	3914 224 87 52
40	3989	0.0	3	3719 162 64 44
41	1075	0.0	3	1008 51 7 9
42	36	0.0	3	7 17 6 6
43	397	0.0	3	375 16 3 3
44	344	0.0	3	326 9 3 6
45	54	0.0	3	41 8 3 2
46	73	0.0	3	63 7 2 1
47	11	0.0	3	1 8 1 1
48	461	0.0	3	429 29 2 1
49	5448	0.0	3	5170 254 15 9
50	288	0.0	3	262 19 6 1
51	69	0.0	3	56 9 0 4
52	104	0.0	3	96 4 1 3
53	30	0.0	3	25 3 1 1
55	40	0.0	3	31 9
56	65	0.0	3	56 3 1 5
57	1	0.0	3	0 1
58	36	0.0	3	0 1 8 27
59	39	0.0	3	10 3 14 12
60	12	0.0	3	0 0 0 12
61	1	0.0	3	0 0 0 1

