nohup: ignoring input
This is cutadapt 1.18 with Python 3.6.5
Command line parameters: -m 15 -a file:../barcodes.fasta -o {name}.rna2.fastq.gz rna2.trimmed.fastq.gz
Processing reads on 1 core in single-end mode ...
Finished in 619.96 s (22 us/read; 2.79 M reads/minute).

=== Summary ===

Total reads processed:              28,814,723
Reads with adapters:                27,915,378 (96.9%)
Reads that were too short:                   0 (0.0%)
Reads written (passing filters):    28,814,723 (100.0%)

Total basepairs processed: 1,166,966,483 bp
Total written (filtered):  1,027,389,593 bp (88.0%)

=== Adapter WTrep1 ===

Sequence: ATCGT; Type: anchored 3'; Length: 5; Trimmed: 7479717 times.

No. of allowed errors:
0-5 bp: 0

Bases preceding removed adapters:
  A: 23.5%
  C: 21.4%
  G: 26.0%
  T: 29.1%
  none/other: 0.0%

Overview of removed sequences
length	count	expect	max.err	error counts
5	7479717	28139.4	0	7479717

=== Adapter WTrep2 ===

Sequence: AGCTA; Type: anchored 3'; Length: 5; Trimmed: 7204128 times.

No. of allowed errors:
0-5 bp: 0

Bases preceding removed adapters:
  A: 21.5%
  C: 24.5%
  G: 25.9%
  T: 28.1%
  none/other: 0.0%

Overview of removed sequences
length	count	expect	max.err	error counts
5	7204128	28139.4	0	7204128

=== Adapter RIBOTrep1 ===

Sequence: CGTAA; Type: anchored 3'; Length: 5; Trimmed: 7797761 times.

No. of allowed errors:
0-5 bp: 0

Bases preceding removed adapters:
  A: 23.0%
  C: 20.4%
  G: 24.4%
  T: 32.3%
  none/other: 0.0%

Overview of removed sequences
length	count	expect	max.err	error counts
5	7797761	28139.4	0	7797761

=== Adapter RIBOTrep2 ===

Sequence: CTAGA; Type: anchored 3'; Length: 5; Trimmed: 5433772 times.

No. of allowed errors:
0-5 bp: 0

Bases preceding removed adapters:
  A: 23.5%
  C: 20.0%
  G: 23.3%
  T: 33.3%
  none/other: 0.0%

Overview of removed sequences
length	count	expect	max.err	error counts
5	5433772	28139.4	0	5433772

